<?xml version="1.0" encoding="UTF-8"?>
<!-- Generated by org.testng.reporters.JUnitReportReporter -->
<testsuite hostname="BANI-C-0088U" failures="0" tests="3" name="automation.grouping.TestNGGroups" time="0.015" errors="0" timestamp="2025-03-23T15:05:15 IST" skipped="0">
  <testcase classname="automation.grouping.TestNGGroups" name="test3" time="0.003"/>
  <testcase classname="automation.grouping.TestNGGroups" name="test1" time="0.009"/>
  <testcase classname="automation.grouping.TestNGGroups" name="test2" time="0.003"/>
</testsuite> <!-- automation.grouping.TestNGGroups -->
