<?xml version="1.0" encoding="UTF-8"?>
<!-- Generated by org.testng.reporters.JUnitReportReporter -->
<testsuite hostname="BANI-C-0088U" failures="0" tests="1" name="automation.extentreport.ExtentReportBasicDemo" time="0.106" errors="0" timestamp="2025-03-18T20:14:14 IST" skipped="0">
  <testcase classname="automation.extentreport.ExtentReportBasicDemo" name="testMavenSearchPass" time="0.106"/>
</testsuite> <!-- automation.extentreport.ExtentReportBasicDemo -->
