<?xml version="1.0" encoding="UTF-8"?>
<!-- Generated by org.testng.reporters.JUnitReportReporter -->
<testsuite hostname="BANI-C-0088U" failures="0" tests="1" name="automation.pom.TestPOM" time="5.242" errors="0" timestamp="2025-03-13T16:52:54 IST" skipped="0">
  <testcase classname="automation.pom.TestPOM" name="testMavenSearch" time="5.242"/>
</testsuite> <!-- automation.pom.TestPOM -->
