<?xml version="1.0" encoding="UTF-8"?>
<!-- Generated by org.testng.reporters.JUnitReportReporter -->
<testsuite hostname="BANI-C-0088U" failures="0" tests="2" name="automation.extentreport.ExtentReportBasicDemo2" time="0.010" errors="0" timestamp="2025-03-18T20:14:14 IST" skipped="0">
  <testcase classname="automation.extentreport.ExtentReportBasicDemo2" name="testMavenSearchException" time="0.008"/>
  <testcase classname="automation.extentreport.ExtentReportBasicDemo2" name="testMavenSearchFail" time="0.002"/>
</testsuite> <!-- automation.extentreport.ExtentReportBasicDemo2 -->
