<?xml version="1.0" encoding="UTF-8"?>
<!-- Generated by org.testng.reporters.JUnitReportReporter -->
<testsuite hostname="BANI-C-0088U" failures="0" tests="3" name="automation.extentreport.SingleFileMethod" time="5.354" errors="0" timestamp="2025-03-18T20:24:30 IST" skipped="0">
  <testcase classname="automation.extentreport.SingleFileMethod" name="testMavenSearchFail" time="0.003"/>
  <testcase classname="automation.extentreport.SingleFileMethod" name="testMavenSearchPass" time="5.330"/>
  <testcase classname="automation.extentreport.SingleFileMethod" name="testMavenSearchException" time="0.021"/>
</testsuite> <!-- automation.extentreport.SingleFileMethod -->
